<?xml version="1.0" encoding="UTF-8"?>
<!-- Generated by org.testng.reporters.JUnitXMLReporter -->
<testsuite ignored="0" hostname="DESKTOP-L6N98KA" failures="0" tests="3" name="Default test" time="12.893" errors="0" timestamp="2021-12-26T10:08:27 EST">
  <testcase classname="com.das.test.PrintFluoroFinderTest" name="performParallelTask" time="10.8"/>
  <testcase classname="com.das.test.PrintFluoroFinderTest" name="performParallelTask" time="11.44"/>
  <testcase classname="com.das.test.PrintFluoroFinderTest" name="performParallelTask" time="11.864"/>
</testsuite> <!-- Default test -->
