<?xml version="1.0" encoding="UTF-8"?>
<!-- Generated by org.testng.reporters.JUnitXMLReporter -->
<testsuite ignored="0" hostname="DESKTOP-L6N98KA" failures="0" tests="13" name="Default test" time="46.174" errors="0" timestamp="2021-12-25T22:30:44 EST">
  <testcase classname="com.das.test.PrintFluoroFinderTest" name="performParallelTask" time="28.714"/>
  <testcase classname="com.das.test.PrintFluoroFinderTest" name="performParallelTask" time="29.619"/>
  <testcase classname="com.das.test.PrintFluoroFinderTest" name="performParallelTask" time="33.827"/>
  <testcase classname="com.das.test.PrintFluoroFinderTest" name="performParallelTask" time="35.556"/>
  <testcase classname="com.das.test.PrintFluoroFinderTest" name="performParallelTask" time="35.572"/>
  <testcase classname="com.das.test.PrintFluoroFinderTest" name="performParallelTask" time="35.849"/>
  <testcase classname="com.das.test.PrintFluoroFinderTest" name="performParallelTask" time="35.85"/>
  <testcase classname="com.das.test.PrintFluoroFinderTest" name="performParallelTask" time="37.286"/>
  <testcase classname="com.das.test.PrintFluoroFinderTest" name="performParallelTask" time="37.332"/>
  <testcase classname="com.das.test.PrintFluoroFinderTest" name="performParallelTask" time="12.518"/>
  <testcase classname="com.das.test.PrintFluoroFinderTest" name="performParallelTask" time="11.925"/>
  <testcase classname="com.das.test.PrintFluoroFinderTest" name="performParallelTask" time="10.666"/>
  <testcase classname="com.das.test.PrintFluoroFinderTest" name="performParallelTask" time="44.891"/>
</testsuite> <!-- Default test -->
