<?xml version="1.0" encoding="UTF-8"?>
<!-- Generated by org.testng.reporters.JUnitXMLReporter -->
<testsuite ignored="0" hostname="DESKTOP-L6N98KA" failures="0" tests="3" name="Test" time="17.538" errors="0" timestamp="2021-12-24T08:51:54 EST">
  <testcase classname="com.das.test.PrintFluoroFinderTest" name="performParallelTask" time="11.786"/>
  <testcase classname="com.das.test.PrintFluoroFinderTest" name="performParallelTask" time="2.269"/>
  <testcase classname="com.das.test.PrintFluoroFinderTest" name="performParallelTask" time="2.332"/>
</testsuite> <!-- Test -->
